\BOOKMARK [0][-]{chapter*.2}{\376\377\000H\000i\000s\000t\000\363\000r\000i\000c\000o\000\040\000d\000e\000\040\000R\000e\000v\000i\000s\000\343\000o}{}% 1
\BOOKMARK [0][-]{chapter*.3}{\376\377\000L\000i\000s\000t\000a\000\040\000d\000e\000\040\000F\000i\000g\000u\000r\000a\000s}{}% 2
\BOOKMARK [0][-]{chapter.1}{\376\377\000I\000n\000t\000r\000o\000d\000u\000\347\000\343\000o}{}% 3
\BOOKMARK [1][-]{section.1.1}{\376\377\000P\000r\000o\000p\000\363\000s\000i\000t\000o}{chapter.1}% 4
\BOOKMARK [1][-]{section.1.2}{\376\377\000A\000u\000d\000i\000\352\000n\000c\000i\000a}{chapter.1}% 5
\BOOKMARK [1][-]{section.1.3}{\376\377\000U\000s\000o\000\040\000p\000r\000e\000v\000i\000s\000t\000o}{chapter.1}% 6
\BOOKMARK [0][-]{chapter.2}{\376\377\000D\000e\000s\000c\000r\000i\000\347\000\343\000o\000\040\000G\000e\000r\000a\000l}{}% 7
\BOOKMARK [1][-]{section.2.1}{\376\377\000C\000l\000a\000s\000s\000e\000\040\000d\000e\000\040\000U\000s\000u\000\341\000r\000i\000o\000s\000\040\000e\000\040\000s\000u\000a\000s\000\040\000c\000a\000r\000a\000c\000t\000e\000r\000\355\000s\000t\000i\000c\000a\000s}{chapter.2}% 8
\BOOKMARK [1][-]{section.2.2}{\376\377\000E\000s\000c\000o\000p\000o}{chapter.2}% 9
\BOOKMARK [1][-]{section.2.3}{\376\377\000A\000m\000b\000i\000e\000n\000t\000e\000\040\000d\000e\000\040\000O\000p\000e\000r\000a\000\347\000\343\000o}{chapter.2}% 10
\BOOKMARK [0][-]{chapter.3}{\376\377\000N\000e\000c\000e\000s\000s\000i\000d\000a\000d\000e\000s\000\040\000d\000e\000\040\000U\000s\000u\000\341\000r\000i\000o\000s}{}% 11
\BOOKMARK [1][-]{section.3.1}{\376\377\000C\000a\000s\000o\000s\000\040\000d\000e\000\040\000U\000s\000o}{chapter.3}% 12
\BOOKMARK [1][-]{section.3.2}{\376\377\000D\000e\000s\000c\000r\000i\000\347\000\343\000o\000\040\000C\000a\000s\000o\000s\000\040\000d\000e\000\040\000U\000s\000o\000\040\000p\000a\000r\000a\000\040\000o\000\040\000P\000a\000r\000t\000i\000c\000i\000p\000a\000n\000t\000e}{chapter.3}% 13
\BOOKMARK [1][-]{section.3.3}{\376\377\000D\000e\000s\000c\000r\000i\000\347\000\343\000o\000\040\000C\000a\000s\000o\000s\000\040\000d\000e\000\040\000U\000s\000o\000\040\000p\000a\000r\000a\000\040\000o\000\040\000O\000r\000g\000a\000n\000i\000z\000a\000d\000o\000r}{chapter.3}% 14
\BOOKMARK [0][-]{chapter.4}{\376\377\000R\000e\000l\000a\000c\000i\000o\000n\000a\000m\000e\000n\000t\000o\000\040\000d\000e\000\040\000E\000n\000t\000i\000d\000a\000d\000e\000s}{}% 15
\BOOKMARK [1][-]{section.4.1}{\376\377\000D\000i\000a\000g\000r\000a\000m\000a\000\040\000E\000R}{chapter.4}% 16
\BOOKMARK [1][-]{section.4.2}{\376\377\000T\000a\000b\000e\000l\000a\000\040\000U\000s\000u\000a\000r\000i\000o}{chapter.4}% 17
\BOOKMARK [1][-]{section.4.3}{\376\377\000T\000a\000b\000e\000l\000a\000\040\000E\000v\000e\000n\000t\000o}{chapter.4}% 18
\BOOKMARK [1][-]{section.4.4}{\376\377\000T\000a\000b\000e\000l\000a\000\040\000P\000a\000r\000t\000i\000c\000i\000p\000a\000c\000a\000o}{chapter.4}% 19
\BOOKMARK [1][-]{section.4.5}{\376\377\000C\000o\000m\000e\000n\000t\000a\000r\000i\000o}{chapter.4}% 20
\BOOKMARK [1][-]{section.4.6}{\376\377\000I\000m\000a\000g\000e\000m\000E\000v\000e\000n\000t\000o}{chapter.4}% 21
\BOOKMARK [1][-]{section.4.7}{\376\377\000E\000x\000p\000l\000i\000c\000a\000c\000a\000o\000\040\000d\000o\000s\000\040\000R\000e\000l\000a\000c\000i\000o\000n\000a\000m\000e\000n\000t\000o\000s}{chapter.4}% 22
\BOOKMARK [0][-]{chapter.5}{\376\377\000R\000e\000q\000u\000i\000s\000i\000t\000o\000s}{}% 23
\BOOKMARK [1][-]{section.5.1}{\376\377\000R\000e\000q\000u\000i\000s\000i\000t\000o\000s\000\040\000F\000u\000n\000c\000i\000o\000n\000a\000i\000s\000\040\000P\000\341\000g\000i\000n\000a\000\040\000W\000e\000b}{chapter.5}% 24
\BOOKMARK [1][-]{section.5.2}{\376\377\000R\000e\000q\000u\000i\000s\000i\000t\000o\000s\000\040\000F\000u\000n\000c\000i\000o\000n\000a\000i\000s\000\040\000B\000a\000n\000c\000o\000\040\000d\000e\000\040\000D\000a\000d\000o\000s}{chapter.5}% 25
\BOOKMARK [1][-]{section.5.3}{\376\377\000R\000e\000q\000u\000i\000s\000i\000t\000o\000s\000\040\000F\000u\000n\000c\000i\000o\000n\000a\000i\000s\000\040\000B\000a\000c\000k\000e\000n\000d}{chapter.5}% 26
\BOOKMARK [1][-]{section.5.4}{\376\377\000R\000e\000q\000u\000i\000s\000i\000t\000o\000s\000\040\000n\000\343\000o\000\040\000f\000u\000n\000c\000i\000o\000n\000a\000i\000s}{chapter.5}% 27
\BOOKMARK [0][-]{chapter.6}{\376\377\000R\000i\000s\000c\000o\000s}{}% 28
\BOOKMARK [1][-]{section.6.1}{\376\377\000D\000e\000f\000i\000n\000i\000\347\000\343\000o\000\040\000d\000e\000\040\000R\000i\000s\000c\000o}{chapter.6}% 29
\BOOKMARK [0][-]{section*.6}{\376\377\000A\000p\000p\000e\000n\000d\000i\000c\000e\000s}{}% 30
\BOOKMARK [0][-]{appendix.1.A}{\376\377\000G\000l\000o\000s\000s\000\341\000r\000i\000o}{}% 31
